Log file open, 03/30/17 23:01:20
LogInit:Display: Running engine for game: COMP140_1
LogPlatformFile: Not using cached read wrapper
LogInit:Display: RandInit(1120642010) SRandInit(1120642011).
LogTaskGraph: Started task graph with 4 named threads and 7 total threads with 1 sets of task threads.
LogStats: Stats thread started at 0.094612
LogInit: Version: 4.12.5-3039270+++UE4+Release-4.12
LogInit: API Version: 2992821
LogInit: Net Version: 3039270
LogDevObjectVersion: Number of dev versions registered: 13
LogDevObjectVersion:   Dev-Blueprints (B0D832E4-1F89-4F0D-ACCF-7EB736FD4AA2): 3
LogDevObjectVersion:   Dev-Build (E1C64328-A22C-4D53-A36C-8E866417BD8C): 0
LogDevObjectVersion:   Dev-Core (375EC13C-06E4-48FB-B500-84F0262A717E): 1
LogDevObjectVersion:   Dev-Editor (E4B068ED-F494-42E9-A231-DA0B2E46BB41): 2
LogDevObjectVersion:   Dev-Framework (CFFC743F-43B0-4480-9391-14DF171D2073): 6
LogDevObjectVersion:   Dev-Mobile (B02B49B5-BB20-44E9-A304-32B752E40360): 0
LogDevObjectVersion:   Dev-Networking (A4E4105C-59A1-49B5-A7C5-40C4547EDFEE): 0
LogDevObjectVersion:   Dev-Online (39C831C9-5AE6-47DC-9A44-9C173E1C8E7C): 0
LogDevObjectVersion:   Dev-Physics (78F01B33-EBEA-4F98-B9B4-84EACCB95AA2): 0
LogDevObjectVersion:   Dev-Platform (6631380F-2D4D-43E0-8009-CF276956A95A): 0
LogDevObjectVersion:   Dev-Rendering (12F88B9F-8875-4AFC-A67C-D90C383ABD29): 2
LogDevObjectVersion:   Dev-Sequencer (7B5AE74C-D270-4C10-A958-57980B212A5A): 0
LogDevObjectVersion:   Dev-VR (D7296918-1DD6-4BDD-9DE2-64A83CC13884): 0
LogInit: Compiled (64-bit): Jul  6 2016 09:09:46
LogInit: Compiled with Visual C++: 19.00.23026.00
LogInit: Build Configuration: Development
LogInit: Branch Name: ++UE4+Release-4.12
LogInit: Command line:  /Temp/Autosaves/Game/FirstPersonBP/Maps/UEDPCFirstPersonExampleMap -game -PIEVIACONSOLE -ResX=1280 -ResY=720  -Multiprocess -windowed -messaging -SessionName="Play in Standalone Game" 
LogInit: Base directory: D:/Program Files/Epic Games/UE_4.12/Engine/Binaries/Win64/
LogInit: Installed Engine Build: 1
LogInit: Using libcurl 7.41.0
LogInit:  - built for x86_64-pc-win32
LogInit:  - supports SSL with WinSSL
LogInit:  - other features:
LogInit:      CURL_VERSION_SSL
LogInit:      CURL_VERSION_IPV6
LogInit:      CURL_VERSION_ASYNCHDNS
LogInit:      CURL_VERSION_LARGEFILE
LogInit:      CURL_VERSION_IDN
LogInit:  CurlRequestOptions (configurable via config and command line):
LogInit:  - bVerifyPeer = true  - Libcurl will verify peer certificate
LogInit:  - bUseHttpProxy = false  - Libcurl will NOT use HTTP proxy
LogInit:  - bDontReuseConnections = false  - Libcurl will reuse connections
LogInit:  - CertBundlePath = nullptr  - Libcurl will use whatever was configured at build time.
LogInit: Presizing for max 8388607 objects, including 0 objects not considered by GC, pre-allocating 0 bytes for permanent pool.
LogInit: Object subsystem initialized
[2017.03.30-22.01.20:477][  0]LogInit: Selected Device Profile: [Windows]
[2017.03.30-22.01.20:477][  0]LogInit: Applying CVar settings loaded from the selected device profile: [Windows]
[2017.03.30-22.01.20:483][  0]LogInit: Computer: MSI
[2017.03.30-22.01.20:483][  0]LogInit: User: natha
[2017.03.30-22.01.20:483][  0]LogInit: CPU Page size=65536, Cores=4
[2017.03.30-22.01.20:483][  0]LogInit: High frequency timer resolution =2.630630 MHz
[2017.03.30-22.01.20:483][  0]LogMemory: Memory total: Physical=15.9GB (16GB approx)
[2017.03.30-22.01.20:483][  0]LogMemory: Platform Memory Stats for Windows
[2017.03.30-22.01.20:483][  0]LogMemory: Process Physical Memory: 190.62 MB used, 190.62 MB peak
[2017.03.30-22.01.20:483][  0]LogMemory: Process Virtual Memory: 195.41 MB used, 195.41 MB peak
[2017.03.30-22.01.20:483][  0]LogMemory: Physical Memory: 7660.55 MB used, 16299.19 MB total
[2017.03.30-22.01.20:483][  0]LogMemory: Virtual Memory: 553.82 MB used, 134217728.00 MB total
[2017.03.30-22.01.21:151][  0]LogTextLocalizationManager: No specific translations for ('en-GB') exist, so ('en') translations will be used.
[2017.03.30-22.01.21:729][  0]LogD3D11RHI: D3D11 adapters:
[2017.03.30-22.01.21:788][  0]LogD3D11RHI:    0. 'NVIDIA GeForce GTX 970M' (Feature Level 11_0)
[2017.03.30-22.01.21:789][  0]LogD3D11RHI:       3040/0/8149 MB DedicatedVideo/DedicatedSystem/SharedSystem, Outputs:1, VendorId:0x10de
[2017.03.30-22.01.21:799][  0]LogD3D11RHI:    1. 'Intel(R) HD Graphics 5600' (Feature Level 11_0)
[2017.03.30-22.01.21:799][  0]LogD3D11RHI:       128/0/8149 MB DedicatedVideo/DedicatedSystem/SharedSystem, Outputs:0, VendorId:0x8086
[2017.03.30-22.01.21:802][  0]LogD3D11RHI:    2. 'Microsoft Basic Render Driver' (Feature Level 11_0)
[2017.03.30-22.01.21:802][  0]LogD3D11RHI:       0/0/8149 MB DedicatedVideo/DedicatedSystem/SharedSystem, Outputs:0, VendorId:0x1414
[2017.03.30-22.01.21:802][  0]LogD3D11RHI: Chosen D3D11 Adapter: 0
[2017.03.30-22.01.21:811][  0]LogD3D11RHI: Creating new Direct3DDevice
[2017.03.30-22.01.21:811][  0]LogD3D11RHI:     GPU DeviceId: 0x13d8 (for the marketing name, search the web for "GPU Device Id")
[2017.03.30-22.01.21:811][  0]LogWindows: EnumDisplayDevices:
[2017.03.30-22.01.21:811][  0]LogWindows:    0. 'Intel(R) HD Graphics 5600' (P:1 D:1)
[2017.03.30-22.01.21:812][  0]LogWindows:    1. 'Intel(R) HD Graphics 5600' (P:0 D:0)
[2017.03.30-22.01.21:812][  0]LogWindows:    2. 'Intel(R) HD Graphics 5600' (P:0 D:0)
[2017.03.30-22.01.21:813][  0]LogWindows: DebugString: PrimaryIsNotTheChoosenAdapter PrimaryIsNotTheChoosenAdapter PrimaryIsNotTheChoosenAdapter FoundDriverCount:0 
[2017.03.30-22.01.21:813][  0]LogD3D11RHI:     Adapter Name: NVIDIA GeForce GTX 970M
[2017.03.30-22.01.21:813][  0]LogD3D11RHI:   Driver Version: Unknown (internal:Unknown, unified:Unknown)
[2017.03.30-22.01.21:813][  0]LogD3D11RHI:      Driver Date: Unknown
[2017.03.30-22.01.21:813][  0]LogRHI: Texture pool is 1361 MB (70% of 1945 MB)
[2017.03.30-22.01.21:837][  0]LogD3D11RHI: Async texture creation enabled
[2017.03.30-22.01.21:852][  0]LogD3D11RHI: GPU Timing Frequency: 1000.000000 (Debug: 2 1)
[2017.03.30-22.01.21:853][  0]LogShaderCompilers: Guid format shader working directory is -12 characters bigger than the processId version (../../../../../../natha/Documents/Unreal Projects/COMP140_1/Intermediate/Shaders/WorkingDirectory/552/).
[2017.03.30-22.01.21:853][  0]LogShaderCompilers: Cleaned the shader compiler working directory 'C:/Users/natha/AppData/Local/Temp/UnrealShaderWorkingDir/673748D742F2442932CBCD938EB9DBB1/'.
[2017.03.30-22.01.21:854][  0]LogShaderCompilers:Display: Using Local Shader Compiler.
[2017.03.30-22.01.23:574][  0]LogTemp:Display: Loaded TP WindowsClientTargetPlatform
[2017.03.30-22.01.23:591][  0]LogTemp:Display: Loaded TP WindowsNoEditorTargetPlatform
[2017.03.30-22.01.23:606][  0]LogTemp:Display: Loaded TP WindowsServerTargetPlatform
[2017.03.30-22.01.23:622][  0]LogTemp:Display: Loaded TP WindowsTargetPlatform
[2017.03.30-22.01.23:622][  0]LogTargetPlatformManager:Display: Building Assets For Windows
[2017.03.30-22.01.23:738][  0]LogDerivedDataCache:Display: Max Cache Size: 512 MB
[2017.03.30-22.01.23:832][  0]LogDerivedDataCache: Loaded boot cache 0.09s 48MB C:/Users/natha/AppData/Local/UnrealEngine/4.12/DerivedDataCache/Boot.ddc.
[2017.03.30-22.01.23:832][  0]LogDerivedDataCache:Display: Loaded Boot cache: C:/Users/natha/AppData/Local/UnrealEngine/4.12/DerivedDataCache/Boot.ddc
[2017.03.30-22.01.23:833][  0]LogDerivedDataCache: FDerivedDataBackendGraph:  Pak pak cache file ../../../../../../natha/Documents/Unreal Projects/COMP140_1/DerivedDataCache/DDC.ddp not found, will not use a pak cache.
[2017.03.30-22.01.23:833][  0]LogDerivedDataCache: Unable to find inner node Pak for hierarchical cache Hierarchy.
[2017.03.30-22.01.23:833][  0]LogDerivedDataCache: FDerivedDataBackendGraph:  CompressedPak pak cache file ../../../../../../natha/Documents/Unreal Projects/COMP140_1/DerivedDataCache/Compressed.ddp not found, will not use a pak cache.
[2017.03.30-22.01.23:833][  0]LogDerivedDataCache: Unable to find inner node CompressedPak for hierarchical cache Hierarchy.
[2017.03.30-22.01.23:863][  0]LogDerivedDataCache:Display: Pak cache opened for reading ../../../Engine/DerivedDataCache/Compressed.ddp.
[2017.03.30-22.01.23:881][  0]LogDerivedDataCache: Using Local data cache path C:/Users/natha/AppData/Local/UnrealEngine/Common/DerivedDataCache: Writable
[2017.03.30-22.01.24:209][  0]LogAssetRegistry: FAssetRegistry took 0.0001 seconds to start up
[2017.03.30-22.01.24:219][  0]LogPackageLocalizationCache: Processed 3 localized package path(s) for 2 prioritized culture(s) in 0.009712 seconds
[2017.03.30-22.01.24:225][  0]LogInit: Selected Device Profile: [Windows]
[2017.03.30-22.01.24:226][  0]LogContentStreaming: Texture pool size is 1000.00 MB
[2017.03.30-22.01.24:495][  0]LogMeshUtilities: No automatic mesh reduction module available
[2017.03.30-22.01.24:495][  0]LogMeshUtilities: No automatic mesh merging module available
[2017.03.30-22.01.24:495][  0]LogMeshUtilities: No distributed automatic mesh merging module available
[2017.03.30-22.01.24:852][  0]LogInit: WinSock: version 1.1 (2.2), MaxSocks=32767, MaxUdp=65467
[2017.03.30-22.01.25:080][  0]LogSlate: SlateFontCache - WITH_FREETYPE: 1, WITH_HARFBUZZ: 1
[2017.03.30-22.01.25:080][  0]LogSlate: SlateFontCache - WITH_FREETYPE: 1, WITH_HARFBUZZ: 1
[2017.03.30-22.01.25:218][  0]LogMoviePlayer: Initializing movie player
[2017.03.30-22.01.25:400][  0]LogWindowsMoviePlayer: Unable to load movie: ../../../../../../natha/Documents/Unreal Projects/COMP140_1/Content/Movies/Default_Startup.mp4
[2017.03.30-22.01.25:495][  0]LogUdpMessaging: Initializing bridge on interface 0.0.0.0:0 to multicast group 230.0.0.1:6666.
[2017.03.30-22.01.25:569][  0]SourceControl: Info Source control is disabled
[2017.03.30-22.01.25:569][  0]SourceControl: Info Source control is disabled
[2017.03.30-22.01.25:586][  0]SourceControl: Info Source control is disabled
[2017.03.30-22.01.25:797][  0]LogUObjectArray: 30985 objects as part of root set at end of initial load.
[2017.03.30-22.01.25:797][  0]LogUObjectAllocator: 6717240 out of 0 bytes used by permanent object pool.
[2017.03.30-22.01.25:797][  0]LogUObjectArray: CloseDisregardForGC: 0/0 objects in disregard for GC pool
[2017.03.30-22.01.25:912][  0]LogEngine: Initializing Engine...
[2017.03.30-22.01.25:915][  0]LogHMD: SteamVR failed to initialize.  Err: 110
[2017.03.30-22.01.25:918][  0]LogHMD: SteamVR failed to initialize.  Err: 110
[2017.03.30-22.01.26:217][  0]LogInit: XAudio2 using 'Speakers (Realtek High Definition Audio)' : 8 channels at 48 kHz using 32 bits per sample (channel mask 0x63f)
[2017.03.30-22.01.26:440][  0]LogInit: FAudioDevice initialized.
[2017.03.30-22.01.26:451][  0]LogInit: Texture streaming: Enabled
[2017.03.30-22.01.26:645][  0]LogNet: Browse: /Temp/Autosaves/Game/FirstPersonBP/Maps/UEDPCFirstPersonExampleMap?Name=Player
[2017.03.30-22.01.26:646][  0]LogLoad: LoadMap: /Temp/Autosaves/Game/FirstPersonBP/Maps/UEDPCFirstPersonExampleMap?Name=Player
[2017.03.30-22.01.26:687][  0]LogMemory: Platform Memory Stats for Windows
[2017.03.30-22.01.26:687][  0]LogMemory: Process Physical Memory: 553.20 MB used, 576.75 MB peak
[2017.03.30-22.01.26:687][  0]LogMemory: Process Virtual Memory: 607.06 MB used, 607.07 MB peak
[2017.03.30-22.01.26:687][  0]LogMemory: Physical Memory: 7948.22 MB used, 16299.19 MB total
[2017.03.30-22.01.26:687][  0]LogMemory: Virtual Memory: 1222.61 MB used, 134217728.00 MB total
[2017.03.30-22.01.26:687][  0]LogMemory: 
[2017.03.30-22.01.26:687][  0]Allocator Stats for TBB: (not implemented)
[2017.03.30-22.01.26:838][  0]LogLinker:Warning: CreateImport: Failed to load Outer for resource 'Arrow': FirstPersonCharacter_C /Game/FirstPersonBP/Blueprints/FirstPersonCharacter.Default__FirstPersonCharacter_C
[2017.03.30-22.01.27:940][  0]LogAIModule: Creating AISystem for world FirstPersonExampleMap
[2017.03.30-22.01.27:941][  0]LogWorld: Game class is 'FirstPersonGameMode_C'
[2017.03.30-22.01.27:951][  0]LogWorld: Bringing World /Temp/Autosaves/Game/FirstPersonBP/Maps/UEDPCFirstPersonExampleMap.FirstPersonExampleMap up for play (max tick rate 0) at 2017.03.30-23.01.27
[2017.03.30-22.01.27:952][  0]LogWorld: Bringing up level for play took: 0.008444
[2017.03.30-22.01.27:954][  0]LogLoad: Took 1.308428 seconds to LoadMap(/Temp/Autosaves/Game/FirstPersonBP/Maps/UEDPCFirstPersonExampleMap)
[2017.03.30-22.01.27:954][  0]LogInit:Display: Game Engine Initialized.
[2017.03.30-22.01.28:202][  0]LogLoad: Full Startup: 8.54 seconds (BP compile: 0.19 seconds)
[2017.03.30-22.01.28:202][  0]LogExternalProfiler: Found external profiler: VSPerf
[2017.03.30-22.01.28:202][  0]LogExternalProfiler: Using external profiler: VSPerf
[2017.03.30-22.01.28:219][  0]LogOcInput: OculusInput pre-init called
[2017.03.30-22.01.28:351][  0]LogRenderer: Reallocating scene render targets to support 128x128 (Frame:1).
[2017.03.30-22.01.28:462][  1]LogRenderer: Reallocating scene render targets to support 1280x720 (Frame:2).
[2017.03.30-22.01.28:463][  1]LogScript:Warning: Accessed None trying to read property Target
	EditorCube12_C /Temp/Autosaves/Game/FirstPersonBP/Maps/UEDPCFirstPersonExampleMap.FirstPersonExampleMap:PersistentLevel.EditorCube22
	Function /Game/FirstPersonBP/Blueprints/EditorCube12.EditorCube12_C:ExecuteUbergraph_EditorCube12:025B
[2017.03.30-22.01.28:463][  1]LogScript:Warning: Script call stack:
	Function /Game/FirstPersonBP/Blueprints/EditorCube12.EditorCube12_C:ReceiveTick
	Function /Game/FirstPersonBP/Blueprints/EditorCube12.EditorCube12_C:ExecuteUbergraph_EditorCube12

[2017.03.30-22.01.28:504][  2]LogScript:Warning: Accessed None trying to read property Target
	EditorCube12_C /Temp/Autosaves/Game/FirstPersonBP/Maps/UEDPCFirstPersonExampleMap.FirstPersonExampleMap:PersistentLevel.EditorCube22
	Function /Game/FirstPersonBP/Blueprints/EditorCube12.EditorCube12_C:ExecuteUbergraph_EditorCube12:025B
[2017.03.30-22.01.28:504][  2]LogScript:Warning: Script call stack:
	Function /Game/FirstPersonBP/Blueprints/EditorCube12.EditorCube12_C:ReceiveTick
	Function /Game/FirstPersonBP/Blueprints/EditorCube12.EditorCube12_C:ExecuteUbergraph_EditorCube12

[2017.03.30-22.01.28:527][  3]LogScript:Warning: Accessed None trying to read property Target
	EditorCube12_C /Temp/Autosaves/Game/FirstPersonBP/Maps/UEDPCFirstPersonExampleMap.FirstPersonExampleMap:PersistentLevel.EditorCube22
	Function /Game/FirstPersonBP/Blueprints/EditorCube12.EditorCube12_C:ExecuteUbergraph_EditorCube12:025B
[2017.03.30-22.01.28:527][  3]LogScript:Warning: Script call stack:
	Function /Game/FirstPersonBP/Blueprints/EditorCube12.EditorCube12_C:ReceiveTick
	Function /Game/FirstPersonBP/Blueprints/EditorCube12.EditorCube12_C:ExecuteUbergraph_EditorCube12

[2017.03.30-22.01.28:544][  4]LogScript:Warning: Accessed None trying to read property Target
	EditorCube12_C /Temp/Autosaves/Game/FirstPersonBP/Maps/UEDPCFirstPersonExampleMap.FirstPersonExampleMap:PersistentLevel.EditorCube22
	Function /Game/FirstPersonBP/Blueprints/EditorCube12.EditorCube12_C:ExecuteUbergraph_EditorCube12:025B
[2017.03.30-22.01.28:544][  4]LogScript:Warning: Script call stack:
	Function /Game/FirstPersonBP/Blueprints/EditorCube12.EditorCube12_C:ReceiveTick
	Function /Game/FirstPersonBP/Blueprints/EditorCube12.EditorCube12_C:ExecuteUbergraph_EditorCube12

[2017.03.30-22.01.28:560][  5]LogScript:Warning: Accessed None trying to read property Target
	EditorCube12_C /Temp/Autosaves/Game/FirstPersonBP/Maps/UEDPCFirstPersonExampleMap.FirstPersonExampleMap:PersistentLevel.EditorCube22
	Function /Game/FirstPersonBP/Blueprints/EditorCube12.EditorCube12_C:ExecuteUbergraph_EditorCube12:025B
[2017.03.30-22.01.28:560][  5]LogScript:Warning: Script call stack:
	Function /Game/FirstPersonBP/Blueprints/EditorCube12.EditorCube12_C:ReceiveTick
	Function /Game/FirstPersonBP/Blueprints/EditorCube12.EditorCube12_C:ExecuteUbergraph_EditorCube12

[2017.03.30-22.01.28:577][  6]LogScript:Warning: Accessed None trying to read property Target
	EditorCube12_C /Temp/Autosaves/Game/FirstPersonBP/Maps/UEDPCFirstPersonExampleMap.FirstPersonExampleMap:PersistentLevel.EditorCube22
	Function /Game/FirstPersonBP/Blueprints/EditorCube12.EditorCube12_C:ExecuteUbergraph_EditorCube12:025B
[2017.03.30-22.01.28:577][  6]LogScript:Warning: Script call stack:
	Function /Game/FirstPersonBP/Blueprints/EditorCube12.EditorCube12_C:ReceiveTick
	Function /Game/FirstPersonBP/Blueprints/EditorCube12.EditorCube12_C:ExecuteUbergraph_EditorCube12

[2017.03.30-22.01.28:594][  7]LogScript:Warning: Accessed None trying to read property Target
	EditorCube12_C /Temp/Autosaves/Game/FirstPersonBP/Maps/UEDPCFirstPersonExampleMap.FirstPersonExampleMap:PersistentLevel.EditorCube22
	Function /Game/FirstPersonBP/Blueprints/EditorCube12.EditorCube12_C:ExecuteUbergraph_EditorCube12:025B
[2017.03.30-22.01.28:594][  7]LogScript:Warning: Script call stack:
	Function /Game/FirstPersonBP/Blueprints/EditorCube12.EditorCube12_C:ReceiveTick
	Function /Game/FirstPersonBP/Blueprints/EditorCube12.EditorCube12_C:ExecuteUbergraph_EditorCube12

[2017.03.30-22.01.28:609][  8]LogScript:Warning: Accessed None trying to read property Target
	EditorCube12_C /Temp/Autosaves/Game/FirstPersonBP/Maps/UEDPCFirstPersonExampleMap.FirstPersonExampleMap:PersistentLevel.EditorCube22
	Function /Game/FirstPersonBP/Blueprints/EditorCube12.EditorCube12_C:ExecuteUbergraph_EditorCube12:025B
[2017.03.30-22.01.28:609][  8]LogScript:Warning: Script call stack:
	Function /Game/FirstPersonBP/Blueprints/EditorCube12.EditorCube12_C:ReceiveTick
	Function /Game/FirstPersonBP/Blueprints/EditorCube12.EditorCube12_C:ExecuteUbergraph_EditorCube12

[2017.03.30-22.01.28:640][  9]LogScript:Warning: Accessed None trying to read property Target
	EditorCube12_C /Temp/Autosaves/Game/FirstPersonBP/Maps/UEDPCFirstPersonExampleMap.FirstPersonExampleMap:PersistentLevel.EditorCube22
	Function /Game/FirstPersonBP/Blueprints/EditorCube12.EditorCube12_C:ExecuteUbergraph_EditorCube12:025B
[2017.03.30-22.01.28:640][  9]LogScript:Warning: Script call stack:
	Function /Game/FirstPersonBP/Blueprints/EditorCube12.EditorCube12_C:ReceiveTick
	Function /Game/FirstPersonBP/Blueprints/EditorCube12.EditorCube12_C:ExecuteUbergraph_EditorCube12

[2017.03.30-22.01.28:672][ 10]LogScript:Warning: Accessed None trying to read property Target
	EditorCube12_C /Temp/Autosaves/Game/FirstPersonBP/Maps/UEDPCFirstPersonExampleMap.FirstPersonExampleMap:PersistentLevel.EditorCube22
	Function /Game/FirstPersonBP/Blueprints/EditorCube12.EditorCube12_C:ExecuteUbergraph_EditorCube12:025B
[2017.03.30-22.01.28:672][ 10]LogScript:Warning: Script call stack:
	Function /Game/FirstPersonBP/Blueprints/EditorCube12.EditorCube12_C:ReceiveTick
	Function /Game/FirstPersonBP/Blueprints/EditorCube12.EditorCube12_C:ExecuteUbergraph_EditorCube12

[2017.03.30-22.01.28:704][ 11]LogScript:Warning: Accessed None trying to read property Target
	EditorCube12_C /Temp/Autosaves/Game/FirstPersonBP/Maps/UEDPCFirstPersonExampleMap.FirstPersonExampleMap:PersistentLevel.EditorCube22
	Function /Game/FirstPersonBP/Blueprints/EditorCube12.EditorCube12_C:ExecuteUbergraph_EditorCube12:025B
[2017.03.30-22.01.28:704][ 11]LogScript:Warning: Script call stack:
	Function /Game/FirstPersonBP/Blueprints/EditorCube12.EditorCube12_C:ReceiveTick
	Function /Game/FirstPersonBP/Blueprints/EditorCube12.EditorCube12_C:ExecuteUbergraph_EditorCube12

[2017.03.30-22.01.28:738][ 12]LogScript:Warning: Accessed None trying to read property Target
	EditorCube12_C /Temp/Autosaves/Game/FirstPersonBP/Maps/UEDPCFirstPersonExampleMap.FirstPersonExampleMap:PersistentLevel.EditorCube22
	Function /Game/FirstPersonBP/Blueprints/EditorCube12.EditorCube12_C:ExecuteUbergraph_EditorCube12:025B
[2017.03.30-22.01.28:738][ 12]LogScript:Warning: Script call stack:
	Function /Game/FirstPersonBP/Blueprints/EditorCube12.EditorCube12_C:ReceiveTick
	Function /Game/FirstPersonBP/Blueprints/EditorCube12.EditorCube12_C:ExecuteUbergraph_EditorCube12

[2017.03.30-22.01.28:770][ 13]LogScript:Warning: Accessed None trying to read property Target
	EditorCube12_C /Temp/Autosaves/Game/FirstPersonBP/Maps/UEDPCFirstPersonExampleMap.FirstPersonExampleMap:PersistentLevel.EditorCube22
	Function /Game/FirstPersonBP/Blueprints/EditorCube12.EditorCube12_C:ExecuteUbergraph_EditorCube12:025B
[2017.03.30-22.01.28:770][ 13]LogScript:Warning: Script call stack:
	Function /Game/FirstPersonBP/Blueprints/EditorCube12.EditorCube12_C:ReceiveTick
	Function /Game/FirstPersonBP/Blueprints/EditorCube12.EditorCube12_C:ExecuteUbergraph_EditorCube12

[2017.03.30-22.01.28:803][ 14]LogScript:Warning: Accessed None trying to read property Target
	EditorCube12_C /Temp/Autosaves/Game/FirstPersonBP/Maps/UEDPCFirstPersonExampleMap.FirstPersonExampleMap:PersistentLevel.EditorCube22
	Function /Game/FirstPersonBP/Blueprints/EditorCube12.EditorCube12_C:ExecuteUbergraph_EditorCube12:025B
[2017.03.30-22.01.28:804][ 14]LogScript:Warning: Script call stack:
	Function /Game/FirstPersonBP/Blueprints/EditorCube12.EditorCube12_C:ReceiveTick
	Function /Game/FirstPersonBP/Blueprints/EditorCube12.EditorCube12_C:ExecuteUbergraph_EditorCube12

[2017.03.30-22.01.28:838][ 15]LogScript:Warning: Accessed None trying to read property Target
	EditorCube12_C /Temp/Autosaves/Game/FirstPersonBP/Maps/UEDPCFirstPersonExampleMap.FirstPersonExampleMap:PersistentLevel.EditorCube22
	Function /Game/FirstPersonBP/Blueprints/EditorCube12.EditorCube12_C:ExecuteUbergraph_EditorCube12:025B
[2017.03.30-22.01.28:838][ 15]LogScript:Warning: Script call stack:
	Function /Game/FirstPersonBP/Blueprints/EditorCube12.EditorCube12_C:ReceiveTick
	Function /Game/FirstPersonBP/Blueprints/EditorCube12.EditorCube12_C:ExecuteUbergraph_EditorCube12

[2017.03.30-22.01.28:869][ 16]LogScript:Warning: Accessed None trying to read property Target
	EditorCube12_C /Temp/Autosaves/Game/FirstPersonBP/Maps/UEDPCFirstPersonExampleMap.FirstPersonExampleMap:PersistentLevel.EditorCube22
	Function /Game/FirstPersonBP/Blueprints/EditorCube12.EditorCube12_C:ExecuteUbergraph_EditorCube12:025B
[2017.03.30-22.01.28:869][ 16]LogScript:Warning: Script call stack:
	Function /Game/FirstPersonBP/Blueprints/EditorCube12.EditorCube12_C:ReceiveTick
	Function /Game/FirstPersonBP/Blueprints/EditorCube12.EditorCube12_C:ExecuteUbergraph_EditorCube12

[2017.03.30-22.01.28:904][ 17]LogScript:Warning: Accessed None trying to read property Target
	EditorCube12_C /Temp/Autosaves/Game/FirstPersonBP/Maps/UEDPCFirstPersonExampleMap.FirstPersonExampleMap:PersistentLevel.EditorCube22
	Function /Game/FirstPersonBP/Blueprints/EditorCube12.EditorCube12_C:ExecuteUbergraph_EditorCube12:025B
[2017.03.30-22.01.28:904][ 17]LogScript:Warning: Script call stack:
	Function /Game/FirstPersonBP/Blueprints/EditorCube12.EditorCube12_C:ReceiveTick
	Function /Game/FirstPersonBP/Blueprints/EditorCube12.EditorCube12_C:ExecuteUbergraph_EditorCube12

[2017.03.30-22.01.28:936][ 18]LogScript:Warning: Script call stack:
	Function /Game/FirstPersonBP/Blueprints/EditorCube12.EditorCube12_C:ReceiveTick
	Function /Game/FirstPersonBP/Blueprints/EditorCube12.EditorCube12_C:ExecuteUbergraph_EditorCube12

[2017.03.30-22.01.28:969][ 19]LogScript:Warning: Script call stack:
	Function /Game/FirstPersonBP/Blueprints/EditorCube12.EditorCube12_C:ReceiveTick
	Function /Game/FirstPersonBP/Blueprints/EditorCube12.EditorCube12_C:ExecuteUbergraph_EditorCube12

[2017.03.30-22.01.29:003][ 20]LogScript:Warning: Script call stack:
	Function /Game/FirstPersonBP/Blueprints/EditorCube12.EditorCube12_C:ReceiveTick
	Function /Game/FirstPersonBP/Blueprints/EditorCube12.EditorCube12_C:ExecuteUbergraph_EditorCube12

[2017.03.30-22.01.29:036][ 21]LogScript:Warning: Script call stack:
	Function /Game/FirstPersonBP/Blueprints/EditorCube12.EditorCube12_C:ReceiveTick
	Function /Game/FirstPersonBP/Blueprints/EditorCube12.EditorCube12_C:ExecuteUbergraph_EditorCube12

[2017.03.30-22.01.29:068][ 22]LogScript:Warning: Script call stack:
	Function /Game/FirstPersonBP/Blueprints/EditorCube12.EditorCube12_C:ReceiveTick
	Function /Game/FirstPersonBP/Blueprints/EditorCube12.EditorCube12_C:ExecuteUbergraph_EditorCube12

[2017.03.30-22.01.29:100][ 23]LogScript:Warning: Script call stack:
	Function /Game/FirstPersonBP/Blueprints/EditorCube12.EditorCube12_C:ReceiveTick
	Function /Game/FirstPersonBP/Blueprints/EditorCube12.EditorCube12_C:ExecuteUbergraph_EditorCube12

[2017.03.30-22.01.29:134][ 24]LogScript:Warning: Script call stack:
	Function /Game/FirstPersonBP/Blueprints/EditorCube12.EditorCube12_C:ReceiveTick
	Function /Game/FirstPersonBP/Blueprints/EditorCube12.EditorCube12_C:ExecuteUbergraph_EditorCube12

[2017.03.30-22.01.29:168][ 25]LogScript:Warning: Script call stack:
	Function /Game/FirstPersonBP/Blueprints/EditorCube12.EditorCube12_C:ReceiveTick
	Function /Game/FirstPersonBP/Blueprints/EditorCube12.EditorCube12_C:ExecuteUbergraph_EditorCube12

[2017.03.30-22.01.29:201][ 26]LogScript:Warning: Script call stack:
	Function /Game/FirstPersonBP/Blueprints/EditorCube12.EditorCube12_C:ReceiveTick
	Function /Game/FirstPersonBP/Blueprints/EditorCube12.EditorCube12_C:ExecuteUbergraph_EditorCube12

[2017.03.30-22.01.29:233][ 27]LogScript:Warning: Script call stack:
	Function /Game/FirstPersonBP/Blueprints/EditorCube12.EditorCube12_C:ReceiveTick
	Function /Game/FirstPersonBP/Blueprints/EditorCube12.EditorCube12_C:ExecuteUbergraph_EditorCube12

[2017.03.30-22.01.29:270][ 28]LogScript:Warning: Script call stack:
	Function /Game/FirstPersonBP/Blueprints/EditorCube12.EditorCube12_C:ReceiveTick
	Function /Game/FirstPersonBP/Blueprints/EditorCube12.EditorCube12_C:ExecuteUbergraph_EditorCube12

[2017.03.30-22.01.29:299][ 29]LogScript:Warning: Script call stack:
	Function /Game/FirstPersonBP/Blueprints/EditorCube12.EditorCube12_C:ReceiveTick
	Function /Game/FirstPersonBP/Blueprints/EditorCube12.EditorCube12_C:ExecuteUbergraph_EditorCube12

[2017.03.30-22.01.29:334][ 30]LogScript:Warning: Script call stack:
	Function /Game/FirstPersonBP/Blueprints/EditorCube12.EditorCube12_C:ReceiveTick
	Function /Game/FirstPersonBP/Blueprints/EditorCube12.EditorCube12_C:ExecuteUbergraph_EditorCube12

[2017.03.30-22.01.29:366][ 31]LogScript:Warning: Script call stack:
	Function /Game/FirstPersonBP/Blueprints/EditorCube12.EditorCube12_C:ReceiveTick
	Function /Game/FirstPersonBP/Blueprints/EditorCube12.EditorCube12_C:ExecuteUbergraph_EditorCube12

[2017.03.30-22.01.29:399][ 32]LogScript:Warning: Script call stack:
	Function /Game/FirstPersonBP/Blueprints/EditorCube12.EditorCube12_C:ReceiveTick
	Function /Game/FirstPersonBP/Blueprints/EditorCube12.EditorCube12_C:ExecuteUbergraph_EditorCube12

[2017.03.30-22.01.29:433][ 33]LogScript:Warning: Script call stack:
	Function /Game/FirstPersonBP/Blueprints/EditorCube12.EditorCube12_C:ReceiveTick
	Function /Game/FirstPersonBP/Blueprints/EditorCube12.EditorCube12_C:ExecuteUbergraph_EditorCube12

[2017.03.30-22.01.29:466][ 34]LogScript:Warning: Script call stack:
	Function /Game/FirstPersonBP/Blueprints/EditorCube12.EditorCube12_C:ReceiveTick
	Function /Game/FirstPersonBP/Blueprints/EditorCube12.EditorCube12_C:ExecuteUbergraph_EditorCube12

[2017.03.30-22.01.29:500][ 35]LogScript:Warning: Script call stack:
	Function /Game/FirstPersonBP/Blueprints/EditorCube12.EditorCube12_C:ReceiveTick
	Function /Game/FirstPersonBP/Blueprints/EditorCube12.EditorCube12_C:ExecuteUbergraph_EditorCube12

[2017.03.30-22.01.29:532][ 36]LogScript:Warning: Script call stack:
	Function /Game/FirstPersonBP/Blueprints/EditorCube12.EditorCube12_C:ReceiveTick
	Function /Game/FirstPersonBP/Blueprints/EditorCube12.EditorCube12_C:ExecuteUbergraph_EditorCube12

[2017.03.30-22.01.29:565][ 37]LogScript:Warning: Script call stack:
	Function /Game/FirstPersonBP/Blueprints/EditorCube12.EditorCube12_C:ReceiveTick
	Function /Game/FirstPersonBP/Blueprints/EditorCube12.EditorCube12_C:ExecuteUbergraph_EditorCube12

[2017.03.30-22.01.29:594][ 38]LogScript:Warning: Script call stack:
	Function /Game/FirstPersonBP/Blueprints/EditorCube12.EditorCube12_C:ReceiveTick
	Function /Game/FirstPersonBP/Blueprints/EditorCube12.EditorCube12_C:ExecuteUbergraph_EditorCube12

[2017.03.30-22.01.29:627][ 39]LogScript:Warning: Script call stack:
	Function /Game/FirstPersonBP/Blueprints/EditorCube12.EditorCube12_C:ReceiveTick
	Function /Game/FirstPersonBP/Blueprints/EditorCube12.EditorCube12_C:ExecuteUbergraph_EditorCube12

[2017.03.30-22.01.29:660][ 40]LogScript:Warning: Script call stack:
	Function /Game/FirstPersonBP/Blueprints/EditorCube12.EditorCube12_C:ReceiveTick
	Function /Game/FirstPersonBP/Blueprints/EditorCube12.EditorCube12_C:ExecuteUbergraph_EditorCube12

[2017.03.30-22.01.29:693][ 41]LogScript:Warning: Script call stack:
	Function /Game/FirstPersonBP/Blueprints/EditorCube12.EditorCube12_C:ReceiveTick
	Function /Game/FirstPersonBP/Blueprints/EditorCube12.EditorCube12_C:ExecuteUbergraph_EditorCube12

[2017.03.30-22.01.29:727][ 42]LogScript:Warning: Script call stack:
	Function /Game/FirstPersonBP/Blueprints/EditorCube12.EditorCube12_C:ReceiveTick
	Function /Game/FirstPersonBP/Blueprints/EditorCube12.EditorCube12_C:ExecuteUbergraph_EditorCube12

[2017.03.30-22.01.29:760][ 43]LogScript:Warning: Script call stack:
	Function /Game/FirstPersonBP/Blueprints/EditorCube12.EditorCube12_C:ReceiveTick
	Function /Game/FirstPersonBP/Blueprints/EditorCube12.EditorCube12_C:ExecuteUbergraph_EditorCube12

[2017.03.30-22.01.29:793][ 44]LogScript:Warning: Script call stack:
	Function /Game/FirstPersonBP/Blueprints/EditorCube12.EditorCube12_C:ReceiveTick
	Function /Game/FirstPersonBP/Blueprints/EditorCube12.EditorCube12_C:ExecuteUbergraph_EditorCube12

[2017.03.30-22.01.29:826][ 45]LogScript:Warning: Script call stack:
	Function /Game/FirstPersonBP/Blueprints/EditorCube12.EditorCube12_C:ReceiveTick
	Function /Game/FirstPersonBP/Blueprints/EditorCube12.EditorCube12_C:ExecuteUbergraph_EditorCube12

[2017.03.30-22.01.29:859][ 46]LogScript:Warning: Script call stack:
	Function /Game/FirstPersonBP/Blueprints/EditorCube12.EditorCube12_C:ReceiveTick
	Function /Game/FirstPersonBP/Blueprints/EditorCube12.EditorCube12_C:ExecuteUbergraph_EditorCube12

[2017.03.30-22.01.29:892][ 47]LogScript:Warning: Script call stack:
	Function /Game/FirstPersonBP/Blueprints/EditorCube12.EditorCube12_C:ReceiveTick
	Function /Game/FirstPersonBP/Blueprints/EditorCube12.EditorCube12_C:ExecuteUbergraph_EditorCube12

[2017.03.30-22.01.29:924][ 48]LogScript:Warning: Script call stack:
	Function /Game/FirstPersonBP/Blueprints/EditorCube12.EditorCube12_C:ReceiveTick
	Function /Game/FirstPersonBP/Blueprints/EditorCube12.EditorCube12_C:ExecuteUbergraph_EditorCube12

[2017.03.30-22.01.29:957][ 49]LogScript:Warning: Script call stack:
	Function /Game/FirstPersonBP/Blueprints/EditorCube12.EditorCube12_C:ReceiveTick
	Function /Game/FirstPersonBP/Blueprints/EditorCube12.EditorCube12_C:ExecuteUbergraph_EditorCube12

[2017.03.30-22.01.29:990][ 50]LogScript:Warning: Script call stack:
	Function /Game/FirstPersonBP/Blueprints/EditorCube12.EditorCube12_C:ReceiveTick
	Function /Game/FirstPersonBP/Blueprints/EditorCube12.EditorCube12_C:ExecuteUbergraph_EditorCube12

[2017.03.30-22.01.30:023][ 51]LogScript:Warning: Script call stack:
	Function /Game/FirstPersonBP/Blueprints/EditorCube12.EditorCube12_C:ReceiveTick
	Function /Game/FirstPersonBP/Blueprints/EditorCube12.EditorCube12_C:ExecuteUbergraph_EditorCube12

[2017.03.30-22.01.30:056][ 52]LogScript:Warning: Script call stack:
	Function /Game/FirstPersonBP/Blueprints/EditorCube12.EditorCube12_C:ReceiveTick
	Function /Game/FirstPersonBP/Blueprints/EditorCube12.EditorCube12_C:ExecuteUbergraph_EditorCube12

[2017.03.30-22.01.30:089][ 53]LogScript:Warning: Script call stack:
	Function /Game/FirstPersonBP/Blueprints/EditorCube12.EditorCube12_C:ReceiveTick
	Function /Game/FirstPersonBP/Blueprints/EditorCube12.EditorCube12_C:ExecuteUbergraph_EditorCube12

[2017.03.30-22.01.30:122][ 54]LogScript:Warning: Script call stack:
	Function /Game/FirstPersonBP/Blueprints/EditorCube12.EditorCube12_C:ReceiveTick
	Function /Game/FirstPersonBP/Blueprints/EditorCube12.EditorCube12_C:ExecuteUbergraph_EditorCube12

[2017.03.30-22.01.30:155][ 55]LogScript:Warning: Script call stack:
	Function /Game/FirstPersonBP/Blueprints/EditorCube12.EditorCube12_C:ReceiveTick
	Function /Game/FirstPersonBP/Blueprints/EditorCube12.EditorCube12_C:ExecuteUbergraph_EditorCube12

[2017.03.30-22.01.30:188][ 56]LogScript:Warning: Script call stack:
	Function /Game/FirstPersonBP/Blueprints/EditorCube12.EditorCube12_C:ReceiveTick
	Function /Game/FirstPersonBP/Blueprints/EditorCube12.EditorCube12_C:ExecuteUbergraph_EditorCube12

[2017.03.30-22.01.30:221][ 57]LogScript:Warning: Script call stack:
	Function /Game/FirstPersonBP/Blueprints/EditorCube12.EditorCube12_C:ReceiveTick
	Function /Game/FirstPersonBP/Blueprints/EditorCube12.EditorCube12_C:ExecuteUbergraph_EditorCube12

[2017.03.30-22.01.30:254][ 58]LogScript:Warning: Script call stack:
	Function /Game/FirstPersonBP/Blueprints/EditorCube12.EditorCube12_C:ReceiveTick
	Function /Game/FirstPersonBP/Blueprints/EditorCube12.EditorCube12_C:ExecuteUbergraph_EditorCube12

[2017.03.30-22.01.30:287][ 59]LogScript:Warning: Script call stack:
	Function /Game/FirstPersonBP/Blueprints/EditorCube12.EditorCube12_C:ReceiveTick
	Function /Game/FirstPersonBP/Blueprints/EditorCube12.EditorCube12_C:ExecuteUbergraph_EditorCube12

[2017.03.30-22.01.30:321][ 60]LogScript:Warning: Script call stack:
	Function /Game/FirstPersonBP/Blueprints/EditorCube12.EditorCube12_C:ReceiveTick
	Function /Game/FirstPersonBP/Blueprints/EditorCube12.EditorCube12_C:ExecuteUbergraph_EditorCube12

[2017.03.30-22.01.30:353][ 61]LogScript:Warning: Script call stack:
	Function /Game/FirstPersonBP/Blueprints/EditorCube12.EditorCube12_C:ReceiveTick
	Function /Game/FirstPersonBP/Blueprints/EditorCube12.EditorCube12_C:ExecuteUbergraph_EditorCube12

[2017.03.30-22.01.30:386][ 62]LogScript:Warning: Script call stack:
	Function /Game/FirstPersonBP/Blueprints/EditorCube12.EditorCube12_C:ReceiveTick
	Function /Game/FirstPersonBP/Blueprints/EditorCube12.EditorCube12_C:ExecuteUbergraph_EditorCube12

[2017.03.30-22.01.30:419][ 63]LogScript:Warning: Script call stack:
	Function /Game/FirstPersonBP/Blueprints/EditorCube12.EditorCube12_C:ReceiveTick
	Function /Game/FirstPersonBP/Blueprints/EditorCube12.EditorCube12_C:ExecuteUbergraph_EditorCube12

[2017.03.30-22.01.30:452][ 64]LogScript:Warning: Script call stack:
	Function /Game/FirstPersonBP/Blueprints/EditorCube12.EditorCube12_C:ReceiveTick
	Function /Game/FirstPersonBP/Blueprints/EditorCube12.EditorCube12_C:ExecuteUbergraph_EditorCube12

[2017.03.30-22.01.30:485][ 65]LogScript:Warning: Script call stack:
	Function /Game/FirstPersonBP/Blueprints/EditorCube12.EditorCube12_C:ReceiveTick
	Function /Game/FirstPersonBP/Blueprints/EditorCube12.EditorCube12_C:ExecuteUbergraph_EditorCube12

[2017.03.30-22.01.30:518][ 66]LogScript:Warning: Script call stack:
	Function /Game/FirstPersonBP/Blueprints/EditorCube12.EditorCube12_C:ReceiveTick
	Function /Game/FirstPersonBP/Blueprints/EditorCube12.EditorCube12_C:ExecuteUbergraph_EditorCube12

[2017.03.30-22.01.30:551][ 67]LogScript:Warning: Script call stack:
	Function /Game/FirstPersonBP/Blueprints/EditorCube12.EditorCube12_C:ReceiveTick
	Function /Game/FirstPersonBP/Blueprints/EditorCube12.EditorCube12_C:ExecuteUbergraph_EditorCube12

[2017.03.30-22.01.30:584][ 68]LogScript:Warning: Script call stack:
	Function /Game/FirstPersonBP/Blueprints/EditorCube12.EditorCube12_C:ReceiveTick
	Function /Game/FirstPersonBP/Blueprints/EditorCube12.EditorCube12_C:ExecuteUbergraph_EditorCube12

[2017.03.30-22.01.30:617][ 69]LogScript:Warning: Script call stack:
	Function /Game/FirstPersonBP/Blueprints/EditorCube12.EditorCube12_C:ReceiveTick
	Function /Game/FirstPersonBP/Blueprints/EditorCube12.EditorCube12_C:ExecuteUbergraph_EditorCube12

[2017.03.30-22.01.30:650][ 70]LogScript:Warning: Script call stack:
	Function /Game/FirstPersonBP/Blueprints/EditorCube12.EditorCube12_C:ReceiveTick
	Function /Game/FirstPersonBP/Blueprints/EditorCube12.EditorCube12_C:ExecuteUbergraph_EditorCube12

[2017.03.30-22.01.30:683][ 71]LogScript:Warning: Script call stack:
	Function /Game/FirstPersonBP/Blueprints/EditorCube12.EditorCube12_C:ReceiveTick
	Function /Game/FirstPersonBP/Blueprints/EditorCube12.EditorCube12_C:ExecuteUbergraph_EditorCube12

[2017.03.30-22.01.30:716][ 72]LogScript:Warning: Script call stack:
	Function /Game/FirstPersonBP/Blueprints/EditorCube12.EditorCube12_C:ReceiveTick
	Function /Game/FirstPersonBP/Blueprints/EditorCube12.EditorCube12_C:ExecuteUbergraph_EditorCube12

[2017.03.30-22.01.30:749][ 73]LogScript:Warning: Script call stack:
	Function /Game/FirstPersonBP/Blueprints/EditorCube12.EditorCube12_C:ReceiveTick
	Function /Game/FirstPersonBP/Blueprints/EditorCube12.EditorCube12_C:ExecuteUbergraph_EditorCube12

[2017.03.30-22.01.30:782][ 74]LogScript:Warning: Script call stack:
	Function /Game/FirstPersonBP/Blueprints/EditorCube12.EditorCube12_C:ReceiveTick
	Function /Game/FirstPersonBP/Blueprints/EditorCube12.EditorCube12_C:ExecuteUbergraph_EditorCube12

[2017.03.30-22.01.30:815][ 75]LogScript:Warning: Script call stack:
	Function /Game/FirstPersonBP/Blueprints/EditorCube12.EditorCube12_C:ReceiveTick
	Function /Game/FirstPersonBP/Blueprints/EditorCube12.EditorCube12_C:ExecuteUbergraph_EditorCube12

[2017.03.30-22.01.30:848][ 76]LogScript:Warning: Script call stack:
	Function /Game/FirstPersonBP/Blueprints/EditorCube12.EditorCube12_C:ReceiveTick
	Function /Game/FirstPersonBP/Blueprints/EditorCube12.EditorCube12_C:ExecuteUbergraph_EditorCube12

[2017.03.30-22.01.30:882][ 77]LogScript:Warning: Script call stack:
	Function /Game/FirstPersonBP/Blueprints/EditorCube12.EditorCube12_C:ReceiveTick
	Function /Game/FirstPersonBP/Blueprints/EditorCube12.EditorCube12_C:ExecuteUbergraph_EditorCube12

[2017.03.30-22.01.30:915][ 78]LogScript:Warning: Script call stack:
	Function /Game/FirstPersonBP/Blueprints/EditorCube12.EditorCube12_C:ReceiveTick
	Function /Game/FirstPersonBP/Blueprints/EditorCube12.EditorCube12_C:ExecuteUbergraph_EditorCube12

[2017.03.30-22.01.30:948][ 79]LogScript:Warning: Script call stack:
	Function /Game/FirstPersonBP/Blueprints/EditorCube12.EditorCube12_C:ReceiveTick
	Function /Game/FirstPersonBP/Blueprints/EditorCube12.EditorCube12_C:ExecuteUbergraph_EditorCube12

[2017.03.30-22.01.30:983][ 80]LogScript:Warning: Script call stack:
	Function /Game/FirstPersonBP/Blueprints/EditorCube12.EditorCube12_C:ReceiveTick
	Function /Game/FirstPersonBP/Blueprints/EditorCube12.EditorCube12_C:ExecuteUbergraph_EditorCube12

[2017.03.30-22.01.31:015][ 81]LogScript:Warning: Script call stack:
	Function /Game/FirstPersonBP/Blueprints/EditorCube12.EditorCube12_C:ReceiveTick
	Function /Game/FirstPersonBP/Blueprints/EditorCube12.EditorCube12_C:ExecuteUbergraph_EditorCube12

[2017.03.30-22.01.31:049][ 82]LogScript:Warning: Script call stack:
	Function /Game/FirstPersonBP/Blueprints/EditorCube12.EditorCube12_C:ReceiveTick
	Function /Game/FirstPersonBP/Blueprints/EditorCube12.EditorCube12_C:ExecuteUbergraph_EditorCube12

[2017.03.30-22.01.31:082][ 83]LogScript:Warning: Script call stack:
	Function /Game/FirstPersonBP/Blueprints/EditorCube12.EditorCube12_C:ReceiveTick
	Function /Game/FirstPersonBP/Blueprints/EditorCube12.EditorCube12_C:ExecuteUbergraph_EditorCube12

[2017.03.30-22.01.31:115][ 84]LogScript:Warning: Script call stack:
	Function /Game/FirstPersonBP/Blueprints/EditorCube12.EditorCube12_C:ReceiveTick
	Function /Game/FirstPersonBP/Blueprints/EditorCube12.EditorCube12_C:ExecuteUbergraph_EditorCube12

[2017.03.30-22.01.31:144][ 85]LogScript:Warning: Script call stack:
	Function /Game/FirstPersonBP/Blueprints/EditorCube12.EditorCube12_C:ReceiveTick
	Function /Game/FirstPersonBP/Blueprints/EditorCube12.EditorCube12_C:ExecuteUbergraph_EditorCube12

[2017.03.30-22.01.31:177][ 86]LogScript:Warning: Script call stack:
	Function /Game/FirstPersonBP/Blueprints/EditorCube12.EditorCube12_C:ReceiveTick
	Function /Game/FirstPersonBP/Blueprints/EditorCube12.EditorCube12_C:ExecuteUbergraph_EditorCube12

[2017.03.30-22.01.31:210][ 87]LogScript:Warning: Script call stack:
	Function /Game/FirstPersonBP/Blueprints/EditorCube12.EditorCube12_C:ReceiveTick
	Function /Game/FirstPersonBP/Blueprints/EditorCube12.EditorCube12_C:ExecuteUbergraph_EditorCube12

[2017.03.30-22.01.31:243][ 88]LogScript:Warning: Script call stack:
	Function /Game/FirstPersonBP/Blueprints/EditorCube12.EditorCube12_C:ReceiveTick
	Function /Game/FirstPersonBP/Blueprints/EditorCube12.EditorCube12_C:ExecuteUbergraph_EditorCube12

[2017.03.30-22.01.31:278][ 89]LogScript:Warning: Script call stack:
	Function /Game/FirstPersonBP/Blueprints/EditorCube12.EditorCube12_C:ReceiveTick
	Function /Game/FirstPersonBP/Blueprints/EditorCube12.EditorCube12_C:ExecuteUbergraph_EditorCube12

[2017.03.30-22.01.31:309][ 90]LogScript:Warning: Script call stack:
	Function /Game/FirstPersonBP/Blueprints/EditorCube12.EditorCube12_C:ReceiveTick
	Function /Game/FirstPersonBP/Blueprints/EditorCube12.EditorCube12_C:ExecuteUbergraph_EditorCube12

[2017.03.30-22.01.31:342][ 91]LogScript:Warning: Script call stack:
	Function /Game/FirstPersonBP/Blueprints/EditorCube12.EditorCube12_C:ReceiveTick
	Function /Game/FirstPersonBP/Blueprints/EditorCube12.EditorCube12_C:ExecuteUbergraph_EditorCube12

[2017.03.30-22.01.31:375][ 92]LogScript:Warning: Script call stack:
	Function /Game/FirstPersonBP/Blueprints/EditorCube12.EditorCube12_C:ReceiveTick
	Function /Game/FirstPersonBP/Blueprints/EditorCube12.EditorCube12_C:ExecuteUbergraph_EditorCube12

[2017.03.30-22.01.31:408][ 93]LogScript:Warning: Script call stack:
	Function /Game/FirstPersonBP/Blueprints/EditorCube12.EditorCube12_C:ReceiveTick
	Function /Game/FirstPersonBP/Blueprints/EditorCube12.EditorCube12_C:ExecuteUbergraph_EditorCube12

[2017.03.30-22.01.31:441][ 94]LogScript:Warning: Script call stack:
	Function /Game/FirstPersonBP/Blueprints/EditorCube12.EditorCube12_C:ReceiveTick
	Function /Game/FirstPersonBP/Blueprints/EditorCube12.EditorCube12_C:ExecuteUbergraph_EditorCube12

[2017.03.30-22.01.31:474][ 95]LogScript:Warning: Script call stack:
	Function /Game/FirstPersonBP/Blueprints/EditorCube12.EditorCube12_C:ReceiveTick
	Function /Game/FirstPersonBP/Blueprints/EditorCube12.EditorCube12_C:ExecuteUbergraph_EditorCube12

[2017.03.30-22.01.31:506][ 96]LogScript:Warning: Script call stack:
	Function /Game/FirstPersonBP/Blueprints/EditorCube12.EditorCube12_C:ReceiveTick
	Function /Game/FirstPersonBP/Blueprints/EditorCube12.EditorCube12_C:ExecuteUbergraph_EditorCube12

[2017.03.30-22.01.31:539][ 97]LogScript:Warning: Script call stack:
	Function /Game/FirstPersonBP/Blueprints/EditorCube12.EditorCube12_C:ReceiveTick
	Function /Game/FirstPersonBP/Blueprints/EditorCube12.EditorCube12_C:ExecuteUbergraph_EditorCube12

[2017.03.30-22.01.31:572][ 98]LogScript:Warning: Script call stack:
	Function /Game/FirstPersonBP/Blueprints/EditorCube12.EditorCube12_C:ReceiveTick
	Function /Game/FirstPersonBP/Blueprints/EditorCube12.EditorCube12_C:ExecuteUbergraph_EditorCube12

[2017.03.30-22.01.31:605][ 99]LogScript:Warning: Script call stack:
	Function /Game/FirstPersonBP/Blueprints/EditorCube12.EditorCube12_C:ReceiveTick
	Function /Game/FirstPersonBP/Blueprints/EditorCube12.EditorCube12_C:ExecuteUbergraph_EditorCube12

[2017.03.30-22.01.31:638][100]LogScript:Warning: Script call stack:
	Function /Game/FirstPersonBP/Blueprints/EditorCube12.EditorCube12_C:ReceiveTick
	Function /Game/FirstPersonBP/Blueprints/EditorCube12.EditorCube12_C:ExecuteUbergraph_EditorCube12

[2017.03.30-22.01.31:672][101]LogScript:Warning: Script call stack:
	Function /Game/FirstPersonBP/Blueprints/EditorCube12.EditorCube12_C:ReceiveTick
	Function /Game/FirstPersonBP/Blueprints/EditorCube12.EditorCube12_C:ExecuteUbergraph_EditorCube12

[2017.03.30-22.01.31:705][102]LogScript:Warning: Script call stack:
	Function /Game/FirstPersonBP/Blueprints/EditorCube12.EditorCube12_C:ReceiveTick
	Function /Game/FirstPersonBP/Blueprints/EditorCube12.EditorCube12_C:ExecuteUbergraph_EditorCube12

[2017.03.30-22.01.31:738][103]LogScript:Warning: Script call stack:
	Function /Game/FirstPersonBP/Blueprints/EditorCube12.EditorCube12_C:ReceiveTick
	Function /Game/FirstPersonBP/Blueprints/EditorCube12.EditorCube12_C:ExecuteUbergraph_EditorCube12

[2017.03.30-22.01.31:771][104]LogScript:Warning: Script call stack:
	Function /Game/FirstPersonBP/Blueprints/EditorCube12.EditorCube12_C:ReceiveTick
	Function /Game/FirstPersonBP/Blueprints/EditorCube12.EditorCube12_C:ExecuteUbergraph_EditorCube12

[2017.03.30-22.01.31:804][105]LogScript:Warning: Script call stack:
	Function /Game/FirstPersonBP/Blueprints/EditorCube12.EditorCube12_C:ReceiveTick
	Function /Game/FirstPersonBP/Blueprints/EditorCube12.EditorCube12_C:ExecuteUbergraph_EditorCube12

[2017.03.30-22.01.31:837][106]LogScript:Warning: Script call stack:
	Function /Game/FirstPersonBP/Blueprints/EditorCube12.EditorCube12_C:ReceiveTick
	Function /Game/FirstPersonBP/Blueprints/EditorCube12.EditorCube12_C:ExecuteUbergraph_EditorCube12

[2017.03.30-22.01.31:869][107]LogScript:Warning: Script call stack:
	Function /Game/FirstPersonBP/Blueprints/EditorCube12.EditorCube12_C:ReceiveTick
	Function /Game/FirstPersonBP/Blueprints/EditorCube12.EditorCube12_C:ExecuteUbergraph_EditorCube12

[2017.03.30-22.01.31:903][108]LogScript:Warning: Script call stack:
	Function /Game/FirstPersonBP/Blueprints/EditorCube12.EditorCube12_C:ReceiveTick
	Function /Game/FirstPersonBP/Blueprints/EditorCube12.EditorCube12_C:ExecuteUbergraph_EditorCube12

[2017.03.30-22.01.31:936][109]LogScript:Warning: Script call stack:
	Function /Game/FirstPersonBP/Blueprints/EditorCube12.EditorCube12_C:ReceiveTick
	Function /Game/FirstPersonBP/Blueprints/EditorCube12.EditorCube12_C:ExecuteUbergraph_EditorCube12

[2017.03.30-22.01.31:968][110]LogScript:Warning: Script call stack:
	Function /Game/FirstPersonBP/Blueprints/EditorCube12.EditorCube12_C:ReceiveTick
	Function /Game/FirstPersonBP/Blueprints/EditorCube12.EditorCube12_C:ExecuteUbergraph_EditorCube12

[2017.03.30-22.01.32:002][111]LogScript:Warning: Script call stack:
	Function /Game/FirstPersonBP/Blueprints/EditorCube12.EditorCube12_C:ReceiveTick
	Function /Game/FirstPersonBP/Blueprints/EditorCube12.EditorCube12_C:ExecuteUbergraph_EditorCube12

[2017.03.30-22.01.32:035][112]LogScript:Warning: Script call stack:
	Function /Game/FirstPersonBP/Blueprints/EditorCube12.EditorCube12_C:ReceiveTick
	Function /Game/FirstPersonBP/Blueprints/EditorCube12.EditorCube12_C:ExecuteUbergraph_EditorCube12

[2017.03.30-22.01.32:071][113]LogScript:Warning: Script call stack:
	Function /Game/FirstPersonBP/Blueprints/EditorCube12.EditorCube12_C:ReceiveTick
	Function /Game/FirstPersonBP/Blueprints/EditorCube12.EditorCube12_C:ExecuteUbergraph_EditorCube12

[2017.03.30-22.01.32:104][114]LogScript:Warning: Script call stack:
	Function /Game/FirstPersonBP/Blueprints/EditorCube12.EditorCube12_C:ReceiveTick
	Function /Game/FirstPersonBP/Blueprints/EditorCube12.EditorCube12_C:ExecuteUbergraph_EditorCube12

[2017.03.30-22.01.32:136][115]LogScript:Warning: Script call stack:
	Function /Game/FirstPersonBP/Blueprints/EditorCube12.EditorCube12_C:ReceiveTick
	Function /Game/FirstPersonBP/Blueprints/EditorCube12.EditorCube12_C:ExecuteUbergraph_EditorCube12

[2017.03.30-22.01.32:166][116]LogScript:Warning: Script call stack:
	Function /Game/FirstPersonBP/Blueprints/EditorCube12.EditorCube12_C:ReceiveTick
	Function /Game/FirstPersonBP/Blueprints/EditorCube12.EditorCube12_C:ExecuteUbergraph_EditorCube12

[2017.03.30-22.01.32:200][117]LogScript:Warning: Script call stack:
	Function /Game/FirstPersonBP/Blueprints/EditorCube12.EditorCube12_C:ReceiveTick
	Function /Game/FirstPersonBP/Blueprints/EditorCube12.EditorCube12_C:ExecuteUbergraph_EditorCube12

[2017.03.30-22.01.32:235][118]LogScript:Warning: Script call stack:
	Function /Game/FirstPersonBP/Blueprints/EditorCube12.EditorCube12_C:ReceiveTick
	Function /Game/FirstPersonBP/Blueprints/EditorCube12.EditorCube12_C:ExecuteUbergraph_EditorCube12

[2017.03.30-22.01.32:268][119]LogScript:Warning: Script call stack:
	Function /Game/FirstPersonBP/Blueprints/EditorCube12.EditorCube12_C:ReceiveTick
	Function /Game/FirstPersonBP/Blueprints/EditorCube12.EditorCube12_C:ExecuteUbergraph_EditorCube12

[2017.03.30-22.01.32:297][120]LogScript:Warning: Script call stack:
	Function /Game/FirstPersonBP/Blueprints/EditorCube12.EditorCube12_C:ReceiveTick
	Function /Game/FirstPersonBP/Blueprints/EditorCube12.EditorCube12_C:ExecuteUbergraph_EditorCube12

[2017.03.30-22.01.32:334][121]LogScript:Warning: Script call stack:
	Function /Game/FirstPersonBP/Blueprints/EditorCube12.EditorCube12_C:ReceiveTick
	Function /Game/FirstPersonBP/Blueprints/EditorCube12.EditorCube12_C:ExecuteUbergraph_EditorCube12

[2017.03.30-22.01.32:364][122]LogScript:Warning: Script call stack:
	Function /Game/Fi